% mean class accuracy (train set)	
 6.3557e+01	
 7.6303e+01	
 7.9813e+01	
 8.1827e+01	
 8.3351e+01	
 8.4308e+01	
 8.5085e+01	
 8.5653e+01	
 8.6151e+01	
 8.6510e+01	
 8.6978e+01	
 8.7383e+01	
 8.7554e+01	
 8.7880e+01	
 8.8122e+01	
 8.8453e+01	
 8.8553e+01	
 8.8724e+01	
 8.8883e+01	
 8.9159e+01	
 8.9209e+01	
 8.9393e+01	
 8.9560e+01	
 8.9689e+01	
 8.9789e+01	
 8.9902e+01	
 9.0028e+01	
 9.0287e+01	
 9.0312e+01	
 9.0387e+01	
 9.0479e+01	
 9.0571e+01	
 9.0763e+01	
 9.0771e+01	
 9.0775e+01	
 9.0976e+01	
 9.1093e+01	
 9.1072e+01	
 9.1168e+01	
 9.1222e+01	
 9.1373e+01	
 9.1440e+01	
 9.1481e+01	
 9.1598e+01	
 9.1619e+01	
 9.1619e+01	
 9.1715e+01	
 9.1770e+01	
 9.1832e+01	
 9.1853e+01	
 9.1816e+01	
 9.1933e+01	
 9.2016e+01	
 9.2037e+01	
 9.2062e+01	
 9.2154e+01	
 9.2142e+01	
 9.2179e+01	
 9.2279e+01	
 9.2183e+01	
 9.2292e+01	
 9.2355e+01	
