Compiling the C compiler identification source file "CMakeCCompilerId.c" failed.
Compiler: /usr/bin/cc 
Build flags: 
Id flags: 

The output was:
69


Agreeing to the Xcode/iOS license requires admin privileges, please re-run as root via sudo.




Compiling the C compiler identification source file "CMakeCCompilerId.c" failed.
Compiler: /usr/bin/cc 
Build flags: 
Id flags: -c

The output was:
69


Agreeing to the Xcode/iOS license requires admin privileges, please re-run as root via sudo.




Compiling the C compiler identification source file "CMakeCCompilerId.c" failed.
Compiler: /usr/bin/cc 
Build flags: 
Id flags: -Aa

The output was:
69


Agreeing to the Xcode/iOS license requires admin privileges, please re-run as root via sudo.




Checking whether the C compiler is IAR using "" did not match "IAR .+ Compiler":


Agreeing to the Xcode/iOS license requires admin privileges, please re-run as root via sudo.


Compiling the CXX compiler identification source file "CMakeCXXCompilerId.cpp" failed.
Compiler: /usr/bin/c++ 
Build flags: 
Id flags: 

The output was:
69


Agreeing to the Xcode/iOS license requires admin privileges, please re-run as root via sudo.




Compiling the CXX compiler identification source file "CMakeCXXCompilerId.cpp" failed.
Compiler: /usr/bin/c++ 
Build flags: 
Id flags: -c

The output was:
69


Agreeing to the Xcode/iOS license requires admin privileges, please re-run as root via sudo.




Checking whether the CXX compiler is IAR using "" did not match "IAR .+ Compiler":


Agreeing to the Xcode/iOS license requires admin privileges, please re-run as root via sudo.


Determining if the C compiler works failed with the following output:
Change Dir: /Users/wbh/cnn/src/CMakeFiles/CMakeTmp

Run Build Command:"/usr/bin/make" "cmTC_f1d24/fast"


Agreeing to the Xcode/iOS license requires admin privileges, please re-run as root via sudo.




